<?xml version='1.0'?>
<ns2:test-suite xmlns:ns2='urn:model.allure.qatools.yandex.ru' start='1661101834856' stop='1661101870869'>
    <name>Login to the site</name>
    <title>Login to the site</title>
    <test-cases>
        <test-case start='1661101834881' status='passed' stop='1661101858757'>
            <name>Login to the site with invalid credentials</name>
            <title>Login to the site with invalid credentials</title>
            <labels>
                <label name='language' value='javascript'/>
                <label name='framework' value='wdio'/>
                <label name='thread' value='0-0'/>
            </labels>
            <parameters>
                <parameter kind='argument' name='browser' value='chrome-104.0.5112.81'/>
            </parameters>
            <steps/>
            <attachments/>
        </test-case>
        <test-case start='1661101858757' status='failed' stop='1661101868756'>
            <name>Login to the site as admin credentials</name>
            <title>Login to the site as admin credentials</title>
            <labels>
                <label name='language' value='javascript'/>
                <label name='framework' value='wdio'/>
                <label name='thread' value='0-0'/>
            </labels>
            <parameters>
                <parameter kind='argument' name='browser' value='chrome-104.0.5112.81'/>
            </parameters>
            <steps>
                <step start='1661101868756' status='canceled' stop='1661101868757'>
                    <name>Then I should see right url</name>
                    <title>Then I should see right url</title>
                    <attachments/>
                    <steps/>
                </step>
            </steps>
            <attachments/>
            <failure>
                <message>Error: Expect $(`//p[contains(text(), "Invalid")]`) to have text containing</message>
                <stack-trace>Error: Expect $(`//p[contains(text(), "Invalid")]`) to have text containing
                
                Expected: "Invalid credentials"
                Received: undefined
                    at World.&lt;anonymous> (D:\TestWebdriverIO\demo-orangehr\features\step-definitions\/login.steps.js:19:57)
                    at processTicksAndRejections (node:internal/process/task_queues:96:5)</stack-trace>
            </failure>
        </test-case>
        <test-case start='1661101868886' status='broken' stop='1661101868889'>
            <name>Login to the site with empty credentials</name>
            <title>Login to the site with empty credentials</title>
            <labels>
                <label name='language' value='javascript'/>
                <label name='framework' value='wdio'/>
                <label name='thread' value='0-0'/>
            </labels>
            <parameters>
                <parameter kind='argument' name='browser' value='chrome-104.0.5112.81'/>
            </parameters>
            <steps/>
            <attachments/>
            <failure>
                <message>Step "I login with  and hbcjxbjj" is not defined. You can ignore this error by setting cucumberOpts.ignoreUndefinedDefinitions as true.</message>
                <stack-trace>Step "I login with  and hbcjxbjj" is not defined. You can ignore this error by setting cucumberOpts.ignoreUndefinedDefinitions as true.
                	at Feature(D:\TestWebdriverIO\demo-orangehr\features\login.feature):1:1
                	at Scenario(Login to the site with empty credentials):19:3
                	at Step(I login with &lt;username> and &lt;password>):22:5
                </stack-trace>
            </failure>
        </test-case>
        <test-case start='1661101869455' status='broken' stop='1661101870155'>
            <name>Login to the site with empty credentials</name>
            <title>Login to the site with empty credentials</title>
            <labels>
                <label name='language' value='javascript'/>
                <label name='framework' value='wdio'/>
                <label name='thread' value='0-0'/>
            </labels>
            <parameters>
                <parameter kind='argument' name='browser' value='chrome-104.0.5112.81'/>
            </parameters>
            <steps/>
            <attachments/>
            <failure>
                <message>Step "I login with bcjkcjj and " is not defined. You can ignore this error by setting cucumberOpts.ignoreUndefinedDefinitions as true.</message>
                <stack-trace>Step "I login with bcjkcjj and " is not defined. You can ignore this error by setting cucumberOpts.ignoreUndefinedDefinitions as true.
                	at Feature(D:\TestWebdriverIO\demo-orangehr\features\login.feature):1:1
                	at Scenario(Login to the site with empty credentials):19:3
                	at Step(I login with &lt;username> and &lt;password>):22:5
                </stack-trace>
            </failure>
        </test-case>
        <test-case start='1661101870155' status='broken' stop='1661101870159'>
            <name>Login to the site with empty credentials</name>
            <title>Login to the site with empty credentials</title>
            <labels>
                <label name='language' value='javascript'/>
                <label name='framework' value='wdio'/>
                <label name='thread' value='0-0'/>
            </labels>
            <parameters>
                <parameter kind='argument' name='browser' value='chrome-104.0.5112.81'/>
            </parameters>
            <steps/>
            <attachments/>
            <failure>
                <message>Step "I login with  and " is not defined. You can ignore this error by setting cucumberOpts.ignoreUndefinedDefinitions as true.</message>
                <stack-trace>Step "I login with  and " is not defined. You can ignore this error by setting cucumberOpts.ignoreUndefinedDefinitions as true.
                	at Feature(D:\TestWebdriverIO\demo-orangehr\features\login.feature):1:1
                	at Scenario(Login to the site with empty credentials):19:3
                	at Step(I login with &lt;username> and &lt;password>):22:5
                </stack-trace>
            </failure>
        </test-case>
    </test-cases>
</ns2:test-suite>