<?xml version='1.0'?>
<ns2:test-suite xmlns:ns2='urn:model.allure.qatools.yandex.ru' start='1661097294575' stop='1661097295174'>
    <name>Login to the site</name>
    <title>Login to the site</title>
    <test-cases>
        <test-case start='1661097294585' status='broken' stop='1661097294840'>
            <name>Login to the site with invalid credentials</name>
            <title>Login to the site with invalid credentials</title>
            <labels>
                <label name='language' value='javascript'/>
                <label name='framework' value='wdio'/>
                <label name='thread' value='0-0'/>
            </labels>
            <parameters>
                <parameter kind='argument' name='browser' value='chrome-104.0.5112.81'/>
            </parameters>
            <steps>
                <step start='1661097294840' status='broken' stop='1661097294840'>
                    <name>When I login with "Qwerty" and "qwerty12345"</name>
                    <title>When I login with "Qwerty" and "qwerty12345"</title>
                    <attachments/>
                    <steps/>
                </step>
                <step start='1661097294840' status='canceled' stop='1661097294841'>
                    <name>Then I should see a flash message saying "Invalid credentials"</name>
                    <title>Then I should see a flash message saying "Invalid credentials"</title>
                    <attachments/>
                    <steps/>
                </step>
            </steps>
            <attachments/>
            <failure>
                <message>Step "I login with "Qwerty" and "qwerty12345"" is not defined. You can ignore this error by setting cucumberOpts.ignoreUndefinedDefinitions as true.</message>
                <stack-trace>Step "I login with "Qwerty" and "qwerty12345"" is not defined. You can ignore this error by setting cucumberOpts.ignoreUndefinedDefinitions as true.
                	at Feature(D:\TestWebdriverIO\demo-orangehr\features\login.feature):1:1
                	at Scenario(Login to the site with invalid credentials):3:3
                	at Step(I login with "Qwerty" and "qwerty12345"):6:5
                </stack-trace>
            </failure>
        </test-case>
        <test-case start='1661097294945' status='broken' stop='1661097295065'>
            <name>Login to the site as admin credentials</name>
            <title>Login to the site as admin credentials</title>
            <labels>
                <label name='language' value='javascript'/>
                <label name='framework' value='wdio'/>
                <label name='thread' value='0-0'/>
            </labels>
            <parameters>
                <parameter kind='argument' name='browser' value='chrome-104.0.5112.81'/>
            </parameters>
            <steps>
                <step start='1661097295064' status='canceled' stop='1661097295064'>
                    <name>When I login with Admin and admin123</name>
                    <title>When I login with Admin and admin123</title>
                    <attachments/>
                    <steps/>
                </step>
                <step start='1661097295065' status='broken' stop='1661097295065'>
                    <name>Then I should see a error message saying "Required"</name>
                    <title>Then I should see a error message saying "Required"</title>
                    <attachments/>
                    <steps/>
                </step>
            </steps>
            <attachments/>
            <failure>
                <message>Step "I should see a error message saying "Required"" is not defined. You can ignore this error by setting cucumberOpts.ignoreUndefinedDefinitions as true.</message>
                <stack-trace>Step "I should see a error message saying "Required"" is not defined. You can ignore this error by setting cucumberOpts.ignoreUndefinedDefinitions as true.
                	at Feature(D:\TestWebdriverIO\demo-orangehr\features\login.feature):1:1
                	at Scenario(Login to the site as admin credentials):9:3
                	at Step(I should see a error message saying "Required"):13:5
                </stack-trace>
            </failure>
        </test-case>
    </test-cases>
</ns2:test-suite>