<?xml version='1.0'?>
<ns2:test-suite xmlns:ns2='urn:model.allure.qatools.yandex.ru' start='1661101334298' stop='1661101347154'>
    <name>Login to the site</name>
    <title>Login to the site</title>
    <test-cases>
        <test-case start='1661101334327' status='passed' stop='1661101343031'>
            <name>Login to the site with invalid credentials</name>
            <title>Login to the site with invalid credentials</title>
            <labels>
                <label name='language' value='javascript'/>
                <label name='framework' value='wdio'/>
                <label name='thread' value='0-0'/>
            </labels>
            <parameters>
                <parameter kind='argument' name='browser' value='chrome-104.0.5112.81'/>
            </parameters>
            <steps/>
            <attachments/>
        </test-case>
        <test-case start='1661101343033' status='passed' stop='1661101345441'>
            <name>Login to the site as admin credentials</name>
            <title>Login to the site as admin credentials</title>
            <labels>
                <label name='language' value='javascript'/>
                <label name='framework' value='wdio'/>
                <label name='thread' value='0-0'/>
            </labels>
            <parameters>
                <parameter kind='argument' name='browser' value='chrome-104.0.5112.81'/>
            </parameters>
            <steps/>
            <attachments/>
        </test-case>
        <test-case start='1661101345442' status='broken' stop='1661101345447'>
            <name>Login to the site with empty credentials</name>
            <title>Login to the site with empty credentials</title>
            <labels>
                <label name='language' value='javascript'/>
                <label name='framework' value='wdio'/>
                <label name='thread' value='0-0'/>
            </labels>
            <parameters>
                <parameter kind='argument' name='browser' value='chrome-104.0.5112.81'/>
            </parameters>
            <steps/>
            <attachments/>
            <failure>
                <message>Step "I login with  and admin123" is not defined. You can ignore this error by setting cucumberOpts.ignoreUndefinedDefinitions as true.</message>
                <stack-trace>Step "I login with  and admin123" is not defined. You can ignore this error by setting cucumberOpts.ignoreUndefinedDefinitions as true.
                	at Feature(D:\TestWebdriverIO\demo-orangehr\features\login.feature):1:1
                	at Scenario(Login to the site with empty credentials):19:3
                	at Step(I login with &lt;username> and &lt;password>):22:5
                </stack-trace>
            </failure>
        </test-case>
        <test-case start='1661101346093' status='broken' stop='1661101346621'>
            <name>Login to the site with empty credentials</name>
            <title>Login to the site with empty credentials</title>
            <labels>
                <label name='language' value='javascript'/>
                <label name='framework' value='wdio'/>
                <label name='thread' value='0-0'/>
            </labels>
            <parameters>
                <parameter kind='argument' name='browser' value='chrome-104.0.5112.81'/>
            </parameters>
            <steps/>
            <attachments/>
            <failure>
                <message>Step "I login with Admin and " is not defined. You can ignore this error by setting cucumberOpts.ignoreUndefinedDefinitions as true.</message>
                <stack-trace>Step "I login with Admin and " is not defined. You can ignore this error by setting cucumberOpts.ignoreUndefinedDefinitions as true.
                	at Feature(D:\TestWebdriverIO\demo-orangehr\features\login.feature):1:1
                	at Scenario(Login to the site with empty credentials):19:3
                	at Step(I login with &lt;username> and &lt;password>):22:5
                </stack-trace>
            </failure>
        </test-case>
        <test-case start='1661101346621' status='broken' stop='1661101346625'>
            <name>Login to the site with empty credentials</name>
            <title>Login to the site with empty credentials</title>
            <labels>
                <label name='language' value='javascript'/>
                <label name='framework' value='wdio'/>
                <label name='thread' value='0-0'/>
            </labels>
            <parameters>
                <parameter kind='argument' name='browser' value='chrome-104.0.5112.81'/>
            </parameters>
            <steps/>
            <attachments/>
            <failure>
                <message>Step "I login with  and " is not defined. You can ignore this error by setting cucumberOpts.ignoreUndefinedDefinitions as true.</message>
                <stack-trace>Step "I login with  and " is not defined. You can ignore this error by setting cucumberOpts.ignoreUndefinedDefinitions as true.
                	at Feature(D:\TestWebdriverIO\demo-orangehr\features\login.feature):1:1
                	at Scenario(Login to the site with empty credentials):19:3
                	at Step(I login with &lt;username> and &lt;password>):22:5
                </stack-trace>
            </failure>
        </test-case>
    </test-cases>
</ns2:test-suite>