<?xml version='1.0'?>
<ns2:test-suite xmlns:ns2='urn:model.allure.qatools.yandex.ru' start='1661097439377' stop='1661097444054'>
    <name>Login to the site</name>
    <title>Login to the site</title>
    <test-cases>
        <test-case start='1661097439388' status='broken' stop='1661097441159'>
            <name>Login to the site with invalid credentials</name>
            <title>Login to the site with invalid credentials</title>
            <labels>
                <label name='language' value='javascript'/>
                <label name='framework' value='wdio'/>
                <label name='thread' value='0-0'/>
            </labels>
            <parameters>
                <parameter kind='argument' name='browser' value='chrome-104.0.5112.81'/>
            </parameters>
            <steps>
                <step start='1661097441158' status='broken' stop='1661097441158'>
                    <name>When I login with "Qwerty" and "qwerty12345"</name>
                    <title>When I login with "Qwerty" and "qwerty12345"</title>
                    <attachments/>
                    <steps/>
                </step>
                <step start='1661097441159' status='canceled' stop='1661097441160'>
                    <name>Then I should see a flash message saying "Invalid credentials"</name>
                    <title>Then I should see a flash message saying "Invalid credentials"</title>
                    <attachments/>
                    <steps/>
                </step>
            </steps>
            <attachments/>
            <failure>
                <message>Step "I login with "Qwerty" and "qwerty12345"" is not defined. You can ignore this error by setting cucumberOpts.ignoreUndefinedDefinitions as true.</message>
                <stack-trace>Step "I login with "Qwerty" and "qwerty12345"" is not defined. You can ignore this error by setting cucumberOpts.ignoreUndefinedDefinitions as true.
                	at Feature(D:\TestWebdriverIO\demo-orangehr\features\login.feature):1:1
                	at Scenario(Login to the site with invalid credentials):3:3
                	at Step(I login with "Qwerty" and "qwerty12345"):6:5
                </stack-trace>
            </failure>
        </test-case>
        <test-case start='1661097441286' status='broken' stop='1661097442334'>
            <name>Login to the site as admin credentials</name>
            <title>Login to the site as admin credentials</title>
            <labels>
                <label name='language' value='javascript'/>
                <label name='framework' value='wdio'/>
                <label name='thread' value='0-0'/>
            </labels>
            <parameters>
                <parameter kind='argument' name='browser' value='chrome-104.0.5112.81'/>
            </parameters>
            <steps>
                <step start='1661097442136' status='passed' stop='1661097442333'>
                    <name>When I login with Admin and admin123</name>
                    <title>When I login with Admin and admin123</title>
                    <attachments/>
                    <steps>
                        <step start='1661097442138' status='passed' stop='1661097442152'>
                            <name>POST /session/:sessionId/element</name>
                            <title>POST /session/:sessionId/element</title>
                            <attachments>
                                <attachment title='Request' source='cdd80b02-14a0-4db2-952b-9a9767ef001c-attachment.json' type='application/json' size='63'/>
                                <attachment title='Response' source='518538aa-7871-409d-967c-fd08c5b281c9-attachment.json' type='application/json' size='83'/>
                            </attachments>
                            <steps/>
                        </step>
                        <step start='1661097442159' status='passed' stop='1661097442184'>
                            <name>POST /session/:sessionId/element/df1d29ca-b602-4771-807a-66b7f7395eeb/clear</name>
                            <title>POST /session/:sessionId/element/df1d29ca-b602-4771-807a-66b7f7395eeb/clear</title>
                            <attachments/>
                            <steps/>
                        </step>
                        <step start='1661097442187' status='passed' stop='1661097442215'>
                            <name>POST /session/:sessionId/element/df1d29ca-b602-4771-807a-66b7f7395eeb/value</name>
                            <title>POST /session/:sessionId/element/df1d29ca-b602-4771-807a-66b7f7395eeb/value</title>
                            <attachments>
                                <attachment title='Request' source='13d70458-1413-436d-800a-53f26db07214-attachment.json' type='application/json' size='21'/>
                            </attachments>
                            <steps/>
                        </step>
                        <step start='1661097442216' status='passed' stop='1661097442227'>
                            <name>POST /session/:sessionId/element</name>
                            <title>POST /session/:sessionId/element</title>
                            <attachments>
                                <attachment title='Request' source='9f8165d0-3e28-4010-a886-54f186971e4d-attachment.json' type='application/json' size='63'/>
                                <attachment title='Response' source='6daeecd4-53e2-4dd6-aad1-b32387fcb5cf-attachment.json' type='application/json' size='83'/>
                            </attachments>
                            <steps/>
                        </step>
                        <step start='1661097442229' status='passed' stop='1661097442250'>
                            <name>POST /session/:sessionId/element/9984e20f-a4fe-4961-8ee8-bf47b08cd7a6/clear</name>
                            <title>POST /session/:sessionId/element/9984e20f-a4fe-4961-8ee8-bf47b08cd7a6/clear</title>
                            <attachments/>
                            <steps/>
                        </step>
                        <step start='1661097442253' status='passed' stop='1661097442292'>
                            <name>POST /session/:sessionId/element/9984e20f-a4fe-4961-8ee8-bf47b08cd7a6/value</name>
                            <title>POST /session/:sessionId/element/9984e20f-a4fe-4961-8ee8-bf47b08cd7a6/value</title>
                            <attachments>
                                <attachment title='Request' source='7a5575d7-97af-438e-8cb4-0ee77ec2e2f0-attachment.json' type='application/json' size='24'/>
                            </attachments>
                            <steps/>
                        </step>
                        <step start='1661097442292' status='passed' stop='1661097442304'>
                            <name>POST /session/:sessionId/element</name>
                            <title>POST /session/:sessionId/element</title>
                            <attachments>
                                <attachment title='Request' source='92844a36-4aa4-4644-a810-4407568eeb88-attachment.json' type='application/json' size='67'/>
                                <attachment title='Response' source='0847290c-d9a2-4c5a-8069-840b77c6c1ed-attachment.json' type='application/json' size='83'/>
                            </attachments>
                            <steps/>
                        </step>
                        <step start='1661097442306' status='passed' stop='1661097442333'>
                            <name>POST /session/:sessionId/element/2fb86bd4-bcdf-4c4b-b89e-a700b20282fd/click</name>
                            <title>POST /session/:sessionId/element/2fb86bd4-bcdf-4c4b-b89e-a700b20282fd/click</title>
                            <attachments/>
                            <steps/>
                        </step>
                    </steps>
                </step>
                <step start='1661097442333' status='broken' stop='1661097442334'>
                    <name>Then I should see a error message saying "Required"</name>
                    <title>Then I should see a error message saying "Required"</title>
                    <attachments/>
                    <steps/>
                </step>
            </steps>
            <attachments/>
            <failure>
                <message>Step "I should see a error message saying "Required"" is not defined. You can ignore this error by setting cucumberOpts.ignoreUndefinedDefinitions as true.</message>
                <stack-trace>Step "I should see a error message saying "Required"" is not defined. You can ignore this error by setting cucumberOpts.ignoreUndefinedDefinitions as true.
                	at Feature(D:\TestWebdriverIO\demo-orangehr\features\login.feature):1:1
                	at Scenario(Login to the site as admin credentials):9:3
                	at Step(I should see a error message saying "Required"):13:5
                </stack-trace>
            </failure>
        </test-case>
    </test-cases>
</ns2:test-suite>